<?xml version="1.0" encoding="UTF-8"?>
<!-- Generated by org.testng.reporters.JUnitXMLReporter -->
<testsuite ignored="0" hostname="DESKTOP-UCFV0I3" failures="1" tests="3" name="Test" time="329.552" errors="0" timestamp="2025-03-26T13:48:51 IST">
  <testcase classname="com.leaftaps.testcases.TC003_CreateLead" name="runLogin" time="98.448">
    <skipped/>
  </testcase> <!-- runLogin -->
  <testcase classname="com.leaftaps.testcases.TC003_CreateLead" name="runLogin" time="98.172">
    <skipped/>
  </testcase> <!-- runLogin -->
  <testcase classname="com.leaftaps.testcases.TC003_CreateLead" name="runLogin" time="98.872">
    <failure type="java.lang.RuntimeException" message="See the reporter for details.">
      <![CDATA[java.lang.RuntimeException: See the reporter for details.
at com.framework.utils.Reporter.reportStep(Reporter.java:94)
at com.framework.utils.Reporter.reportStep(Reporter.java:109)
at com.framework.selenium.api.base.SeleniumBase.locateElement(SeleniumBase.java:660)
at com.leaftaps.pages.CreateLeadPage.enterCompanyName(CreateLeadPage.java:8)
at com.leaftaps.testcases.TC003_CreateLead.runLogin(TC003_CreateLead.java:25)
at java.base/java.util.ArrayList.forEach(ArrayList.java:1511)
... Removed 27 stack frames]]>
    </failure>
  </testcase> <!-- runLogin -->
</testsuite> <!-- Test -->
